ar/build/outputs/logs/manifest-merger-arm64-debug-report.txt
-- Merging decision tree log ---
manifest
ADDED from myApps/ar/AndroidManifest.xml:2:1-42:12
	package
		ADDED from myApps/ar/AndroidManifest.xml:3:5-33
		INJECTED from myApps/ar/AndroidManifest.xml
		INJECTED from myApps/ar/AndroidManifest.xml
	android:versionName
		INJECTED from myApps/ar/AndroidManifest.xml
		INJECTED from myApps/ar/AndroidManifest.xml
	xmlns:android
		ADDED from myApps/ar/AndroidManifest.xml:2:11-69
	android:versionCode
		INJECTED from myApps/ar/AndroidManifest.xml
		INJECTED from myApps/ar/AndroidManifest.xml
	android:installLocation
		ADDED from myApps/ar/AndroidManifest.xml:4:5-45
uses-permission#android.permission.CAMERA
ADDED from myApps/ar/AndroidManifest.xml:7:5-64
	android:name
		ADDED from myApps/ar/AndroidManifest.xml:7:22-62
uses-permission#android.permission.INTERNET
ADDED from myApps/ar/AndroidManifest.xml:8:5-66
	android:name
		ADDED from myApps/ar/AndroidManifest.xml:8:22-64
uses-feature#android.hardware.camera.ar
ADDED from myApps/ar/AndroidManifest.xml:13:5-87
	android:required
		ADDED from myApps/ar/AndroidManifest.xml:13:61-84
	android:name
		ADDED from myApps/ar/AndroidManifest.xml:13:19-60
application
ADDED from myApps/ar/AndroidManifest.xml:16:5-40:19
MERGED from [ar:ofxARCore2:unspecified] AndroidManifest.xml:11:5-15:19
MERGED from [com.google.ar:core:1.15.0] AndroidManifest.xml:30:5-44:19
MERGED from [com.android.support:design:25.4.0] AndroidManifest.xml:25:5-29:19
MERGED from [com.android.support:transition:25.4.0] AndroidManifest.xml:22:5-26:19
MERGED from [com.android.support:cardview-v7:22.1.1] AndroidManifest.xml:22:5-20
MERGED from [com.android.support:preference-v7:23.4.0] AndroidManifest.xml:9:5-20
MERGED from [com.android.support:recyclerview-v7:25.4.0] AndroidManifest.xml:22:5-26:19
MERGED from [com.android.support:appcompat-v7:25.4.0] AndroidManifest.xml:25:5-29:19
MERGED from [com.android.support:animated-vector-drawable:25.4.0] AndroidManifest.xml:22:5-26:19
MERGED from [com.android.support:support-vector-drawable:25.4.0] AndroidManifest.xml:22:5-26:19
MERGED from [com.android.support:support-v4:25.4.0] AndroidManifest.xml:25:5-29:19
MERGED from [com.android.support:support-fragment:25.4.0] AndroidManifest.xml:25:5-29:19
MERGED from [com.android.support:support-media-compat:25.4.0] AndroidManifest.xml:25:5-29:19
MERGED from [com.android.support:support-core-ui:25.4.0] AndroidManifest.xml:25:5-29:19
MERGED from [com.android.support:support-core-utils:25.4.0] AndroidManifest.xml:25:5-29:19
MERGED from [com.android.support:support-compat:25.4.0] AndroidManifest.xml:25:5-29:19
	android:label
		ADDED from myApps/ar/AndroidManifest.xml:19:9-41
	android:supportsRtl
		ADDED from [ar:ofxARCore2:unspecified] AndroidManifest.xml:14:9-35
	android:allowBackup
		ADDED from myApps/ar/AndroidManifest.xml:17:9-35
	android:icon
		ADDED from myApps/ar/AndroidManifest.xml:18:9-45
	android:theme
		ADDED from myApps/ar/AndroidManifest.xml:20:9-40
activity#com.mattgrasser.ar.OFActivity
ADDED from myApps/ar/AndroidManifest.xml:24:9-32:20
	android:label
		ADDED from myApps/ar/AndroidManifest.xml:26:13-45
	android:configChanges
		ADDED from myApps/ar/AndroidManifest.xml:27:13-91
	android:name
		ADDED from myApps/ar/AndroidManifest.xml:25:13-38
intent-filter#android.intent.action.MAIN+android.intent.category.LAUNCHER
ADDED from myApps/ar/AndroidManifest.xml:28:13-31:29
action#android.intent.action.MAIN
ADDED from myApps/ar/AndroidManifest.xml:29:17-69
	android:name
		ADDED from myApps/ar/AndroidManifest.xml:29:25-66
category#android.intent.category.LAUNCHER
ADDED from myApps/ar/AndroidManifest.xml:30:17-77
	android:name
		ADDED from myApps/ar/AndroidManifest.xml:30:27-74
meta-data#com.google.ar.core
ADDED from myApps/ar/AndroidManifest.xml:38:9-81
	android:value
		ADDED from myApps/ar/AndroidManifest.xml:38:54-78
	android:name
		ADDED from myApps/ar/AndroidManifest.xml:38:20-53
uses-sdk
INJECTED from myApps/ar/AndroidManifest.xml reason: use-sdk injection requested
MERGED from [ar:ofxARCore2:unspecified] AndroidManifest.xml:7:5-9:41
MERGED from [com.google.ar:core:1.15.0] AndroidManifest.xml:26:5-28:41
MERGED from [com.android.support:design:25.4.0] AndroidManifest.xml:21:5-23:62
MERGED from [com.android.support:transition:25.4.0] AndroidManifest.xml:20:5-44
MERGED from [com.android.support:cardview-v7:22.1.1] AndroidManifest.xml:20:5-43
MERGED from [com.thebluealliance:spectrum:0.7.1] AndroidManifest.xml:8:5-10:41
MERGED from [com.android.support:preference-v7:23.4.0] AndroidManifest.xml:7:5-43
MERGED from [com.android.support:recyclerview-v7:25.4.0] AndroidManifest.xml:20:5-43
MERGED from [com.android.support:appcompat-v7:25.4.0] AndroidManifest.xml:21:5-23:78
MERGED from [com.android.support:animated-vector-drawable:25.4.0] AndroidManifest.xml:20:5-44
MERGED from [com.android.support:support-vector-drawable:25.4.0] AndroidManifest.xml:20:5-43
MERGED from [ar:ofAndroidLib:unspecified] AndroidManifest.xml:7:5-9:41
MERGED from [com.android.support:support-v4:25.4.0] AndroidManifest.xml:21:5-23:54
MERGED from [com.android.support:support-fragment:25.4.0] AndroidManifest.xml:21:5-23:60
MERGED from [com.android.support:support-media-compat:25.4.0] AndroidManifest.xml:21:5-23:63
MERGED from [com.android.support:support-core-ui:25.4.0] AndroidManifest.xml:21:5-23:58
MERGED from [com.android.support:support-core-utils:25.4.0] AndroidManifest.xml:21:5-23:61
MERGED from [com.android.support:support-compat:25.4.0] AndroidManifest.xml:21:5-23:58
	tools:overrideLibrary
		ADDED from [com.android.support:design:25.4.0] AndroidManifest.xml:23:9-59
	android:targetSdkVersion
		INJECTED from myApps/ar/AndroidManifest.xml
		INJECTED from myApps/ar/AndroidManifest.xml
	android:minSdkVersion
		INJECTED from myApps/ar/AndroidManifest.xml
		INJECTED from myApps/ar/AndroidManifest.xml
meta-data#com.google.ar.core.min_apk_version
ADDED from [com.google.ar:core:1.15.0] AndroidManifest.xml:33:9-35:41
	android:value
		ADDED from [com.google.ar:core:1.15.0] AndroidManifest.xml:35:13-38
	android:name
		ADDED from [com.google.ar:core:1.15.0] AndroidManifest.xml:34:13-62
activity#com.google.ar.core.InstallActivity
ADDED from [com.google.ar:core:1.15.0] AndroidManifest.xml:37:9-43:80
	android:excludeFromRecents
		ADDED from [com.google.ar:core:1.15.0] AndroidManifest.xml:40:13-46
	android:launchMode
		ADDED from [com.google.ar:core:1.15.0] AndroidManifest.xml:42:13-43
	android:exported
		ADDED from [com.google.ar:core:1.15.0] AndroidManifest.xml:41:13-37
	android:configChanges
		ADDED from [com.google.ar:core:1.15.0] AndroidManifest.xml:39:13-74
	android:theme
		ADDED from [com.google.ar:core:1.15.0] AndroidManifest.xml:43:13-77
	android:name
		ADDED from [com.google.ar:core:1.15.0] AndroidManifest.xml:38:13-62
meta-data#android.support.VERSION
ADDED from [com.android.support:design:25.4.0] AndroidManifest.xml:26:9-28:38
MERGED from [com.android.support:transition:25.4.0] AndroidManifest.xml:23:9-25:38
MERGED from [com.android.support:recyclerview-v7:25.4.0] AndroidManifest.xml:23:9-25:38
MERGED from [com.android.support:appcompat-v7:25.4.0] AndroidManifest.xml:26:9-28:38
MERGED from [com.android.support:animated-vector-drawable:25.4.0] AndroidManifest.xml:23:9-25:38
MERGED from [com.android.support:support-vector-drawable:25.4.0] AndroidManifest.xml:23:9-25:38
MERGED from [com.android.support:support-v4:25.4.0] AndroidManifest.xml:26:9-28:38
MERGED from [com.android.support:support-fragment:25.4.0] AndroidManifest.xml:26:9-28:38
MERGED from [com.android.support:support-media-compat:25.4.0] AndroidManifest.xml:26:9-28:38
MERGED from [com.android.support:support-core-ui:25.4.0] AndroidManifest.xml:26:9-28:38
MERGED from [com.android.support:support-core-utils:25.4.0] AndroidManifest.xml:26:9-28:38
MERGED from [com.android.support:support-compat:25.4.0] AndroidManifest.xml:26:9-28:38
	android:value
		ADDED from [com.android.support:design:25.4.0] AndroidManifest.xml:28:13-35
	android:name
		ADDED from [com.android.support:design:25.4.0] AndroidManifest.xml:27:13-51
uses-permission#android.permission.WRITE_EXTERNAL_STORAGE
ADDED from [ar:ofAndroidLib:unspecified] AndroidManifest.xml:11:5-81
	android:name
		ADDED from [ar:ofAndroidLib:unspecified] AndroidManifest.xml:11:22-78